<?xml version="1.0" encoding="UTF-8"?>
<testsuites tests="1" failures="1" errors="0" skipped="0">
  <testsuite name="Stage login" timestamp="2025-04-23T20:49:20" time="24.791" tests="1" failures="1" errors="0" skipped="0">
    <properties>
      <property name="specId" value="0"/>
      <property name="suiteName" value="Stage login"/>
      <property name="capabilities" value="chrome.135_0_7049_97.mac"/>
      <property name="file" value="file://./test/specs/loginStage.spec.js"/>
    </properties>
    <testcase classname="chrome.135_0_7049_97.mac.Stage_login" name="Login in stage latest" time="24.79">
      <failure message="element (&quot;button[data-test-id=&quot;heading-section-sign-in-button&quot;]&quot;) still not displayed after 5000ms"/>
      <system-out><![CDATA[
COMMAND: POST /session/c7694675a045224277c6b5183af92777/element - {"using":"css selector","value":"button[data-test-id=\"heading-section-sign-in-button\"]"}
RESULT: {"using":"css selector","value":"button[data-test-id=\"heading-section-sign-in-button\"]"}
COMMAND: GET /session/c7694675a045224277c6b5183af92777/screenshot - {}
RESULT: {}
COMMAND: DELETE /session/c7694675a045224277c6b5183af92777 - {}
RESULT: {}
]]></system-out>
      <system-err><![CDATA[
Error: element ("button[data-test-id="heading-section-sign-in-button"]") still not displayed after 5000ms
    at async LoginStagePage.login (/Users/davidmurillo/Documents/Dev/WDIO/WDIO_Project_1/test/pages/loginStage.page.js:24:9)
    at async Context.<anonymous> (/Users/davidmurillo/Documents/Dev/WDIO/WDIO_Project_1/test/specs/loginStage.spec.js:7:9)
]]></system-err>
    </testcase>
  </testsuite>
</testsuites>